{
  "stats": {
    "suites": 1,
    "tests": 3,
    "passes": 2,
    "pending": 0,
    "failures": 1,
    "start": "2020-07-04T18:01:54.863Z",
    "end": "2020-07-04T18:04:58.445Z",
    "duration": 183582,
    "testsRegistered": 3,
    "passPercent": 66.66666666666666,
    "pendingPercent": 0,
    "other": 0,
    "hasOther": false,
    "skipped": 0,
    "hasSkipped": false
  },
  "results": [
    {
      "uuid": "c5840b64-0303-484c-86ca-30bff38d9809",
      "title": "",
      "fullFile": "cypress\\integration\\BDD-TEST\\Single_Product.feature",
      "file": "cypress\\integration\\BDD-TEST\\Single_Product.feature",
      "beforeHooks": [],
      "afterHooks": [],
      "tests": [],
      "suites": [
        {
          "uuid": "7d3e3ea1-51a2-4020-80d5-19c02852b84e",
          "title": "Product basket",
          "fullFile": "",
          "file": "",
          "beforeHooks": [],
          "afterHooks": [],
          "tests": [
            {
              "title": "Buying a single product under £30 from Product Category tisch-und-kueche",
              "fullTitle": "Product basket Buying a single product under £30 from Product Category tisch-und-kueche",
              "timedOut": null,
              "duration": 64173,
              "state": "passed",
              "speed": "slow",
              "pass": true,
              "fail": false,
              "pending": false,
              "context": null,
              "code": "const state = window.testState;\nreturn cy\n  .then(() => state.onStartScenario(scenario, indexedSteps))\n  .then(() =>\n    resolveAndRunBeforeHooks.call(this, scenario.tags, state.feature.name)\n  )\n  .then(() =>\n    indexedSteps.forEach(step =>\n      stepTest.call(this, state, step, rowData)\n    )\n  )\n  .then(() =>\n    resolveAndRunAfterHooks.call(this, scenario.tags, state.feature.name)\n  )\n  .then(() => state.onFinishScenario(scenario));",
              "err": {},
              "uuid": "116a1fb0-e3d5-4ee2-b36a-3a6322623e64",
              "parentUUID": "7d3e3ea1-51a2-4020-80d5-19c02852b84e",
              "isHook": false,
              "skipped": false
            },
            {
              "title": "Buying a single product above £30 from Product Category Möbel",
              "fullTitle": "Product basket Buying a single product above £30 from Product Category Möbel",
              "timedOut": null,
              "duration": 54180,
              "state": "passed",
              "speed": "slow",
              "pass": true,
              "fail": false,
              "pending": false,
              "context": null,
              "code": "const state = window.testState;\nreturn cy\n  .then(() => state.onStartScenario(scenario, indexedSteps))\n  .then(() =>\n    resolveAndRunBeforeHooks.call(this, scenario.tags, state.feature.name)\n  )\n  .then(() =>\n    indexedSteps.forEach(step =>\n      stepTest.call(this, state, step, rowData)\n    )\n  )\n  .then(() =>\n    resolveAndRunAfterHooks.call(this, scenario.tags, state.feature.name)\n  )\n  .then(() => state.onFinishScenario(scenario));",
              "err": {},
              "uuid": "3d076070-9237-49a9-8b6c-e90ac17fe8e0",
              "parentUUID": "7d3e3ea1-51a2-4020-80d5-19c02852b84e",
              "isHook": false,
              "skipped": false
            },
            {
              "title": "Buying a single product above £30 from Product Category Textilien & Teppiche",
              "fullTitle": "Product basket Buying a single product above £30 from Product Category Textilien & Teppiche",
              "timedOut": null,
              "duration": 47687,
              "state": "failed",
              "speed": null,
              "pass": false,
              "fail": true,
              "pending": false,
              "context": null,
              "code": "const state = window.testState;\nreturn cy\n  .then(() => state.onStartScenario(scenario, indexedSteps))\n  .then(() =>\n    resolveAndRunBeforeHooks.call(this, scenario.tags, state.feature.name)\n  )\n  .then(() =>\n    indexedSteps.forEach(step =>\n      stepTest.call(this, state, step, rowData)\n    )\n  )\n  .then(() =>\n    resolveAndRunAfterHooks.call(this, scenario.tags, state.feature.name)\n  )\n  .then(() => state.onFinishScenario(scenario));",
              "err": {
                "message": "TypeError: The following error originated from your application code, not from Cypress.\n\n  > Cannot set property 'status' of undefined\n\nWhen Cypress detects uncaught errors originating from your application it will automatically fail the current test.\n\nThis behavior is configurable, and you can choose to turn this off by listening to the `uncaught:exception` event.\n\nhttps://on.cypress.io/uncaught-exception-from-application",
                "estack": "TypeError: The following error originated from your application code, not from Cypress.\n\n  > Cannot set property 'status' of undefined\n\nWhen Cypress detects uncaught errors originating from your application it will automatically fail the current test.\n\nThis behavior is configurable, and you can choose to turn this off by listening to the `uncaught:exception` event.\n\nhttps://on.cypress.io/uncaught-exception-from-application\n    at i (https://www.westwingnow.de/cart/index/:8:8592)\n    at XMLHttpRequest.<anonymous> (https://www.westwingnow.de/cart/index/:8:9195)\n    at XMLHttpRequest.nrWrapper (https://www.westwingnow.de/cart/index/:8:19720)",
                "diff": null
              },
              "uuid": "fba4d1f2-d71b-4ab2-b803-feb65ff00886",
              "parentUUID": "7d3e3ea1-51a2-4020-80d5-19c02852b84e",
              "isHook": false,
              "skipped": false
            }
          ],
          "suites": [],
          "passes": [
            "116a1fb0-e3d5-4ee2-b36a-3a6322623e64",
            "3d076070-9237-49a9-8b6c-e90ac17fe8e0"
          ],
          "failures": [
            "fba4d1f2-d71b-4ab2-b803-feb65ff00886"
          ],
          "pending": [],
          "skipped": [],
          "duration": 166040,
          "root": false,
          "rootEmpty": false,
          "_timeout": 2000
        }
      ],
      "passes": [],
      "failures": [],
      "pending": [],
      "skipped": [],
      "duration": 0,
      "root": true,
      "rootEmpty": true,
      "_timeout": 2000
    }
  ],
  "meta": {
    "mocha": {
      "version": "7.0.1"
    },
    "mochawesome": {
      "options": {
        "quiet": false,
        "reportFilename": "mochawesome",
        "saveHtml": true,
        "saveJson": true,
        "consoleReporter": "spec",
        "useInlineDiffs": false,
        "code": true
      },
      "version": "6.1.1"
    },
    "marge": {
      "options": {
        "overwrite": false
      },
      "version": "5.1.0"
    }
  }
}